<?xml version="1.0" encoding="UTF-8"?>
<testsuite xmlns:xsi="http://www.w3.org/2001/XMLSchema-instance" xsi:schemaLocation="https://maven.apache.org/surefire/maven-surefire-plugin/xsd/surefire-test-report.xsd" name="TestSuite" time="199.334" tests="7" errors="0" skipped="0" failures="0">
  <properties>
    <property name="java.vendor" value="Oracle Corporation"/>
    <property name="JOB_NAME" value="GtplBankTest"/>
    <property name="RUN_TESTS_DISPLAY_URL" value="http://localhost:8080/job/GtplBankTest/1/display/redirect?page=tests"/>
    <property name="sun.java.launcher" value="SUN_STANDARD"/>
    <property name="NUMBER_OF_PROCESSORS" value="4"/>
    <property name="sun.management.compiler" value="HotSpot 64-Bit Tiered Compilers"/>
    <property name="JENKINS_HOME" value="C:\Users\salmank\.jenkins"/>
    <property name="FPS_BROWSER_USER_PROFILE_STRING" value="Default"/>
    <property name="HUDSON_SERVER_COOKIE" value="0f9cd8e2e8342f15"/>
    <property name="os.name" value="Windows 10"/>
    <property name="sun.boot.class.path" value="C:\Program Files\Java\jdk1.8.0_241\jre\lib\resources.jar;C:\Program Files\Java\jdk1.8.0_241\jre\lib\rt.jar;C:\Program Files\Java\jdk1.8.0_241\jre\lib\sunrsasign.jar;C:\Program Files\Java\jdk1.8.0_241\jre\lib\jsse.jar;C:\Program Files\Java\jdk1.8.0_241\jre\lib\jce.jar;C:\Program Files\Java\jdk1.8.0_241\jre\lib\charsets.jar;C:\Program Files\Java\jdk1.8.0_241\jre\lib\jfr.jar;C:\Program Files\Java\jdk1.8.0_241\jre\classes"/>
    <property name="EXECUTOR_NUMBER" value="1"/>
    <property name="sun.desktop" value="windows"/>
    <property name="PATHEXT" value=".COM;.EXE;.BAT;.CMD;.VBS;.VBE;.JS;.JSE;.WSF;.WSH;.MSC"/>
    <property name="java.vm.specification.vendor" value="Oracle Corporation"/>
    <property name="NODE_LABELS" value="master"/>
    <property name="TEMP" value="C:\Users\salmank\AppData\Local\Temp"/>
    <property name="java.runtime.version" value="1.8.0_241-b07"/>
    <property name="FPS_BROWSER_APP_PROFILE_STRING" value="Internet Explorer"/>
    <property name="user.name" value="salmank"/>
    <property name="guice.disable.misplaced.annotation.check" value="true"/>
    <property name="CommonProgramW6432" value="C:\Program Files\Common Files"/>
    <property name="ProgramFiles" value="C:\Program Files"/>
    <property name="PROMPT" value="$P$G"/>
    <property name="user.language" value="en"/>
    <property name="JOB_BASE_NAME" value="GtplBankTest"/>
    <property name="RUN_CHANGES_DISPLAY_URL" value="http://localhost:8080/job/GtplBankTest/1/display/redirect?page=changes"/>
    <property name="BUILD_DISPLAY_NAME" value="#1"/>
    <property name="OneDrive" value="C:\Users\salmank\OneDrive"/>
    <property name="sun.boot.library.path" value="C:\Program Files\Java\jdk1.8.0_241\jre\bin"/>
    <property name="LOCALAPPDATA" value="C:\Users\salmank\AppData\Local"/>
    <property name="java.version" value="1.8.0_241"/>
    <property name="PROCESSOR_LEVEL" value="6"/>
    <property name="user.timezone" value="Asia/Calcutta"/>
    <property name="USERNAME" value="salmank"/>
    <property name="sun.arch.data.model" value="64"/>
    <property name="NODE_NAME" value="master"/>
    <property name="java.endorsed.dirs" value="C:\Program Files\Java\jdk1.8.0_241\jre\lib\endorsed"/>
    <property name="BUILD_ID" value="1"/>
    <property name="PyCharm Community Edition" value="C:\Program Files\JetBrains\PyCharm Community Edition 2020.2\bin;"/>
    <property name="sun.cpu.isalist" value="amd64"/>
    <property name="sun.jnu.encoding" value="Cp1252"/>
    <property name="file.encoding.pkg" value="sun.io"/>
    <property name="file.separator" value="\"/>
    <property name="java.specification.name" value="Java Platform API Specification"/>
    <property name="HOMEDRIVE" value="C:"/>
    <property name="maven.conf" value="C:\Users\salmank\.jenkins\tools\hudson.tasks.Maven_MavenInstallation\TestMaven\conf"/>
    <property name="java.class.version" value="52.0"/>
    <property name="=::" value="::\"/>
    <property name="org.slf4j.simpleLogger.defaultLogLevel" value="info"/>
    <property name="user.country" value="IN"/>
    <property name="ALLUSERSPROFILE" value="C:\ProgramData"/>
    <property name="java.home" value="C:\Program Files\Java\jdk1.8.0_241\jre"/>
    <property name="java.vm.info" value="mixed mode"/>
    <property name="os.version" value="10.0"/>
    <property name="RUN_DISPLAY_URL" value="http://localhost:8080/job/GtplBankTest/1/display/redirect"/>
    <property name="configsetroot" value="C:\WINDOWS\ConfigSetRoot"/>
    <property name="TMP" value="C:\Users\salmank\AppData\Local\Temp"/>
    <property name="RUN_ARTIFACTS_DISPLAY_URL" value="http://localhost:8080/job/GtplBankTest/1/display/redirect?page=artifacts"/>
    <property name="path.separator" value=";"/>
    <property name="java.vm.version" value="25.241-b07"/>
    <property name="user.variant" value=""/>
    <property name="JOB_DISPLAY_URL" value="http://localhost:8080/job/GtplBankTest/display/redirect"/>
    <property name="CommonProgramFiles(x86)" value="C:\Program Files (x86)\Common Files"/>
    <property name="USERDOMAIN_ROAMINGPROFILE" value="LAPTOP-VC35D2RP"/>
    <property name="java.awt.printerjob" value="sun.awt.windows.WPrinterJob"/>
    <property name="JAVA_HOME" value="C:\Program Files\Java\jdk1.8.0_241"/>
    <property name="sun.io.unicode.encoding" value="UnicodeLittle"/>
    <property name="CommonProgramFiles" value="C:\Program Files\Common Files"/>
    <property name="ComSpec" value="C:\WINDOWS\system32\cmd.exe"/>
    <property name="awt.toolkit" value="sun.awt.windows.WToolkit"/>
    <property name="HOMEPATH" value="\Users\salmank"/>
    <property name="user.script" value=""/>
    <property name="COMPUTERNAME" value="LAPTOP-VC35D2RP"/>
    <property name="user.home" value="C:\Users\salmank"/>
    <property name="PUBLIC" value="C:\Users\Public"/>
    <property name="BUILD_TAG" value="jenkins-GtplBankTest-1"/>
    <property name="JENKINS_SERVER_COOKIE" value="0f9cd8e2e8342f15"/>
    <property name="HUDSON_URL" value="http://localhost:8080/"/>
    <property name="ProgramData" value="C:\ProgramData"/>
    <property name="java.specification.vendor" value="Oracle Corporation"/>
    <property name="USERPROFILE" value="C:\Users\salmank"/>
    <property name="CLASSPATH" value=""/>
    <property name="java.vendor.url" value="http://java.oracle.com/"/>
    <property name="java.library.path" value="C:\Program Files\Java\jdk1.8.0_241\bin;C:\WINDOWS\Sun\Java\bin;C:\WINDOWS\system32;C:\WINDOWS;C:\Users\salmank\.jenkins\tools\hudson.tasks.Maven_MavenInstallation\TestMaven/bin;C:\Program Files\Java\jdk1.8.0_241/bin;C:\Program Files\Java\jdk1.8.0_241/bin;C:\Program Files (x86)\Common Files\Oracle\Java\javapath;C:\Program Files (x86)\Intel\iCLS Client\;C:\Program Files\Intel\iCLS Client\;C:\WINDOWS\system32;C:\WINDOWS;C:\WINDOWS\System32\Wbem;C:\WINDOWS\System32\WindowsPowerShell\v1.0\;C:\Program Files (x86)\Intel\Intel(R) Management Engine Components\DAL;C:\Program Files\Intel\Intel(R) Management Engine Components\DAL;C:\Program Files (x86)\Intel\Intel(R) Management Engine Components\IPT;C:\Program Files\Intel\Intel(R) Management Engine Components\IPT;C:\WINDOWS\System32\OpenSSH\;C:\Program Files\Java\jdk1.8.0_241\bin;C:\Users\salmank\AppData\Local\Programs\Python\Python38-32\Scripts\;C:\Users\salmank\AppData\Local\Programs\Python\Python38-32\;C:\Users\salmank\AppData\Local\Microsoft\WindowsApps;C:\Program Files (x86)\Sophos\Sophos SSL VPN Client\bin;C:\Program Files\JetBrains\PyCharm Community Edition 2020.2\bin;;."/>
    <property name="java.vm.vendor" value="Oracle Corporation"/>
    <property name="APPDATA" value="C:\Users\salmank\AppData\Roaming"/>
    <property name="java.runtime.name" value="Java(TM) SE Runtime Environment"/>
    <property name="maven.home" value="C:\Users\salmank\.jenkins\tools\hudson.tasks.Maven_MavenInstallation\TestMaven"/>
    <property name="java.class.path" value="C:\Users\salmank\.jenkins\plugins\maven-plugin\WEB-INF\lib\maven35-agent-1.13.jar;C:\Users\salmank\.jenkins\tools\hudson.tasks.Maven_MavenInstallation\TestMaven\boot\plexus-classworlds-2.6.0.jar;C:\Users\salmank\.jenkins\tools\hudson.tasks.Maven_MavenInstallation\TestMaven/conf/logging"/>
    <property name="sun.java.command" value="jenkins.maven3.agent.Maven35Main C:\Users\salmank\.jenkins\tools\hudson.tasks.Maven_MavenInstallation\TestMaven C:\Users\salmank\.jenkins\war\WEB-INF\lib\remoting-4.2.jar C:\Users\salmank\.jenkins\plugins\maven-plugin\WEB-INF\lib\maven35-interceptor-1.13.jar C:\Users\salmank\.jenkins\plugins\maven-plugin\WEB-INF\lib\maven3-interceptor-commons-1.13.jar 64063"/>
    <property name="Path" value="C:\Program Files\Java\jdk1.8.0_241/bin;C:\Program Files (x86)\Common Files\Oracle\Java\javapath;C:\Program Files (x86)\Intel\iCLS Client\;C:\Program Files\Intel\iCLS Client\;C:\WINDOWS\system32;C:\WINDOWS;C:\WINDOWS\System32\Wbem;C:\WINDOWS\System32\WindowsPowerShell\v1.0\;C:\Program Files (x86)\Intel\Intel(R) Management Engine Components\DAL;C:\Program Files\Intel\Intel(R) Management Engine Components\DAL;C:\Program Files (x86)\Intel\Intel(R) Management Engine Components\IPT;C:\Program Files\Intel\Intel(R) Management Engine Components\IPT;C:\WINDOWS\System32\OpenSSH\;C:\Program Files\Java\jdk1.8.0_241\bin;C:\Users\salmank\AppData\Local\Programs\Python\Python38-32\Scripts\;C:\Users\salmank\AppData\Local\Programs\Python\Python38-32\;C:\Users\salmank\AppData\Local\Microsoft\WindowsApps;C:\Program Files (x86)\Sophos\Sophos SSL VPN Client\bin;C:\Program Files\JetBrains\PyCharm Community Edition 2020.2\bin;"/>
    <property name="java.vm.specification.name" value="Java Virtual Machine Specification"/>
    <property name="PROCESSOR_ARCHITECTURE" value="AMD64"/>
    <property name="PATH+JDK" value="C:\Program Files\Java\jdk1.8.0_241/bin"/>
    <property name="PROCESSOR_IDENTIFIER" value="Intel64 Family 6 Model 78 Stepping 3, GenuineIntel"/>
    <property name="SESSIONNAME" value="Console"/>
    <property name="java.vm.specification.version" value="1.8"/>
    <property name="sun.os.patch.level" value=""/>
    <property name="sun.cpu.endian" value="little"/>
    <property name="M2_HOME" value="C:\Users\salmank\.jenkins\tools\hudson.tasks.Maven_MavenInstallation\TestMaven"/>
    <property name="=D:" value="D:\Softwares\Jenkins"/>
    <property name="java.io.tmpdir" value="C:\Users\salmank\AppData\Local\Temp\"/>
    <property name="OS" value="Windows_NT"/>
    <property name="HUDSON_HOME" value="C:\Users\salmank\.jenkins"/>
    <property name="PATH+MAVEN" value="C:\Users\salmank\.jenkins\tools\hudson.tasks.Maven_MavenInstallation\TestMaven/bin"/>
    <property name="ProgramFiles(x86)" value="C:\Program Files (x86)"/>
    <property name="BUILD_URL" value="http://localhost:8080/job/GtplBankTest/1/"/>
    <property name="java.vendor.url.bug" value="http://bugreport.sun.com/bugreport/"/>
    <property name="java.awt.graphicsenv" value="sun.awt.Win32GraphicsEnvironment"/>
    <property name="os.arch" value="amd64"/>
    <property name="SystemRoot" value="C:\WINDOWS"/>
    <property name="java.ext.dirs" value="C:\Program Files\Java\jdk1.8.0_241\jre\lib\ext;C:\WINDOWS\Sun\Java\lib\ext"/>
    <property name="user.dir" value="C:\Users\salmank\workspace\GtplBank"/>
    <property name="JOB_URL" value="http://localhost:8080/job/GtplBankTest/"/>
    <property name="LOGONSERVER" value="\\LAPTOP-VC35D2RP"/>
    <property name="USERDOMAIN" value="LAPTOP-VC35D2RP"/>
    <property name="line.separator" value="&#10;"/>
    <property name="MAVEN_HOME" value="C:\Users\salmank\.jenkins\tools\hudson.tasks.Maven_MavenInstallation\TestMaven"/>
    <property name="java.vm.name" value="Java HotSpot(TM) 64-Bit Server VM"/>
    <property name="BUILD_NUMBER" value="1"/>
    <property name="JENKINS_URL" value="http://localhost:8080/"/>
    <property name="PROCESSOR_REVISION" value="4e03"/>
    <property name="ProgramW6432" value="C:\Program Files"/>
    <property name="windir" value="C:\WINDOWS"/>
    <property name="=C:" value="C:\Users\salmank"/>
    <property name="file.encoding" value="Cp1252"/>
    <property name="SystemDrive" value="C:"/>
    <property name="maven3.interceptor" value="C:\Users\salmank\.jenkins\plugins\maven-plugin\WEB-INF\lib\maven35-interceptor-1.13.jar"/>
    <property name="WORKSPACE_TMP" value="C:\Users\salmank\.jenkins\workspace\GtplBankTest@tmp"/>
    <property name="WORKSPACE" value="C:\Users\salmank\.jenkins\workspace\GtplBankTest"/>
    <property name="maven3.interceptor.common" value="C:\Users\salmank\.jenkins\plugins\maven-plugin\WEB-INF\lib\maven3-interceptor-commons-1.13.jar"/>
    <property name="java.specification.version" value="1.8"/>
    <property name="PSModulePath" value="C:\Program Files\WindowsPowerShell\Modules;C:\WINDOWS\system32\WindowsPowerShell\v1.0\Modules"/>
    <property name="DriverData" value="C:\Windows\System32\Drivers\DriverData"/>
  </properties>
  <testcase name="validLogin" classname="com.GtplBank.scripts.LoginTest" time="18.963"/>
  <testcase name="InvalidLogin" classname="com.GtplBank.scripts.LoginTest" time="3.864"/>
  <testcase name="addnewCustomer" classname="com.GtplBank.scripts.CustomerFeatureTest" time="14.867"/>
  <testcase name="editcustomer" classname="com.GtplBank.scripts.CustomerFeatureTest" time="12.068"/>
  <testcase name="createAccount" classname="com.GtplBank.scripts.AccountTest" time="10.317"/>
  <testcase name="deleteAccount" classname="com.GtplBank.scripts.AccountTest" time="7.241"/>
  <testcase name="deletecustomer" classname="com.GtplBank.scripts.CustomerFeatureTest" time="5.508"/>
</testsuite>