<?xml version="1.0" encoding="UTF-8"?>
<!-- Generated by org.testng.reporters.JUnitReportReporter -->
<testsuite name="com.GtplBank.scripts.CustomerFeatureTest" tests="3" time="74.478" ignored="0" failures="0" timestamp="29 Aug 2020 07:44:13 GMT" skipped="0" hostname="LAPTOP-VC35D2RP" errors="0">
  <testcase name="deletecustomer" time="25.405" classname="com.GtplBank.scripts.CustomerFeatureTest"/>
  <testcase name="editcustomer" time="24.182" classname="com.GtplBank.scripts.CustomerFeatureTest"/>
  <testcase name="addnewCustomer" time="24.891" classname="com.GtplBank.scripts.CustomerFeatureTest"/>
</testsuite> <!-- com.GtplBank.scripts.CustomerFeatureTest -->
