<?xml version="1.0" encoding="UTF-8"?>
<!-- Generated by org.testng.reporters.JUnitReportReporter -->
<testsuite name="com.GtplBank.scripts.AccountTest" tests="2" time="43.886" ignored="0" failures="0" timestamp="09 Sep 2020 11:03:03 GMT" skipped="0" hostname="LAPTOP-VC35D2RP" errors="0">
  <testcase name="deleteAccount" time="20.786" classname="com.GtplBank.scripts.AccountTest"/>
  <testcase name="createAccount" time="23.100" classname="com.GtplBank.scripts.AccountTest"/>
</testsuite> <!-- com.GtplBank.scripts.AccountTest -->
