<?xml version="1.0" encoding="UTF-8"?>
<!-- Generated by org.testng.reporters.JUnitReportReporter -->
<testsuite name="com.GtplBank.scripts.LoginTest" tests="2" time="76.516" ignored="0" failures="0" timestamp="29 Aug 2020 07:44:13 GMT" skipped="0" hostname="LAPTOP-VC35D2RP" errors="0">
  <testcase name="InvalidLogin" time="34.684" classname="com.GtplBank.scripts.LoginTest"/>
  <testcase name="validLogin" time="41.832" classname="com.GtplBank.scripts.LoginTest"/>
</testsuite> <!-- com.GtplBank.scripts.LoginTest -->
