<?xml version="1.0" encoding="UTF-8"?>
<!-- Generated by org.testng.reporters.JUnitReportReporter -->
<testsuite name="com.GtplBank.scripts.LoginTest" tests="2" time="138.517" ignored="0" failures="0" timestamp="09 Sep 2020 11:03:03 GMT" skipped="0" hostname="LAPTOP-VC35D2RP" errors="0">
  <testcase name="InvalidLogin" time="53.072" classname="com.GtplBank.scripts.LoginTest"/>
  <testcase name="validLogin" time="85.445" classname="com.GtplBank.scripts.LoginTest"/>
</testsuite> <!-- com.GtplBank.scripts.LoginTest -->
