<?xml version="1.0" encoding="UTF-8"?>
<!-- Generated by org.testng.reporters.JUnitReportReporter -->
<testsuite name="com.GtplBank.scripts.LoginTest" tests="2" time="79.124" ignored="0" failures="0" timestamp="29 Aug 2020 11:00:31 GMT" skipped="0" hostname="LAPTOP-VC35D2RP" errors="0">
  <testcase name="validLogin" time="45.397" classname="com.GtplBank.scripts.LoginTest"/>
  <testcase name="InvalidLogin" time="33.727" classname="com.GtplBank.scripts.LoginTest"/>
</testsuite> <!-- com.GtplBank.scripts.LoginTest -->
