<?xml version="1.0" encoding="UTF-8"?>
<!-- Generated by org.testng.reporters.JUnitReportReporter -->
<testsuite name="com.GtplBank.scripts.LoginTest" tests="2" time="66.478" ignored="0" failures="0" timestamp="28 Aug 2020 14:08:33 GMT" skipped="0" hostname="LAPTOP-VC35D2RP" errors="0">
  <testcase name="validLogin" time="50.244" classname="com.GtplBank.scripts.LoginTest"/>
  <testcase name="InvalidLogin" time="16.234" classname="com.GtplBank.scripts.LoginTest"/>
</testsuite> <!-- com.GtplBank.scripts.LoginTest -->
