<?xml version="1.0" encoding="UTF-8"?>
<!-- Generated by org.testng.reporters.JUnitReportReporter -->
<testsuite name="com.GtplBank.scripts.AccountTest" tests="2" time="44.303" ignored="0" failures="0" timestamp="29 Aug 2020 11:00:31 GMT" skipped="0" hostname="LAPTOP-VC35D2RP" errors="0">
  <testcase name="createAccount" time="24.612" classname="com.GtplBank.scripts.AccountTest"/>
  <testcase name="deleteAccount" time="19.691" classname="com.GtplBank.scripts.AccountTest"/>
</testsuite> <!-- com.GtplBank.scripts.AccountTest -->
