<?xml version="1.0" encoding="UTF-8"?>
<!-- Generated by org.testng.reporters.JUnitReportReporter -->
<testsuite name="com.GtplBank.scripts.AccountTest" tests="2" time="36.698" ignored="0" failures="0" timestamp="28 Aug 2020 14:08:33 GMT" skipped="0" hostname="LAPTOP-VC35D2RP" errors="0">
  <testcase name="deleteAccount" time="18.696" classname="com.GtplBank.scripts.AccountTest"/>
  <testcase name="createAccount" time="18.002" classname="com.GtplBank.scripts.AccountTest"/>
</testsuite> <!-- com.GtplBank.scripts.AccountTest -->
