<?xml version="1.0" encoding="UTF-8"?>
<!-- Generated by org.testng.reporters.JUnitReportReporter -->
<testsuite name="com.GtplBank.scripts.CustomerFeatureTest" tests="3" time="73.747" ignored="0" failures="0" timestamp="29 Aug 2020 11:00:31 GMT" skipped="0" hostname="LAPTOP-VC35D2RP" errors="0">
  <testcase name="editcustomer" time="24.791" classname="com.GtplBank.scripts.CustomerFeatureTest"/>
  <testcase name="deletecustomer" time="20.390" classname="com.GtplBank.scripts.CustomerFeatureTest"/>
  <testcase name="addnewCustomer" time="28.566" classname="com.GtplBank.scripts.CustomerFeatureTest"/>
</testsuite> <!-- com.GtplBank.scripts.CustomerFeatureTest -->
