<?xml version="1.0" encoding="UTF-8"?>
<!-- Generated by org.testng.reporters.JUnitReportReporter -->
<testsuite name="com.GtplBank.scripts.CustomerFeatureTest" tests="3" time="65.756" ignored="0" failures="0" timestamp="28 Aug 2020 14:08:33 GMT" skipped="0" hostname="LAPTOP-VC35D2RP" errors="0">
  <testcase name="deletecustomer" time="19.234" classname="com.GtplBank.scripts.CustomerFeatureTest"/>
  <testcase name="addnewCustomer" time="23.839" classname="com.GtplBank.scripts.CustomerFeatureTest"/>
  <testcase name="editcustomer" time="22.683" classname="com.GtplBank.scripts.CustomerFeatureTest"/>
</testsuite> <!-- com.GtplBank.scripts.CustomerFeatureTest -->
